2023-01-30 11:03:08.664 - WARN  [           main] ateJsonObjectContextCustomizer : 

Found multiple occurrences of org.json.JSONObject on the class path:

	jar:file:/D:/software/maven/repository/com/vaadin/external/google/android-json/0.0.20131108.vaadin1/android-json-0.0.20131108.vaadin1.jar!/org/json/JSONObject.class
	jar:file:/D:/software/maven/repository/org/json/json/20190722/json-20190722.jar!/org/json/JSONObject.class

You may wish to exclude one of them to ensure predictable runtime behavior

2023-01-30 11:03:11.085 - WARN  [           main] c.b.m.c.m.TableInfoHelper      : Can not find table primary key in Class: "com.studydemo.demo.model.entity.Product".
2023-01-30 11:03:11.085 - WARN  [           main] c.b.m.c.i.DefaultSqlInjector   : class com.studydemo.demo.model.entity.Product ,Not found @TableId annotation, Cannot use Mybatis-Plus 'xxById' Method.
2023-01-30 11:03:11.241 - WARN  [           main] c.b.m.c.m.TableInfoHelper      : Can not find table primary key in Class: "com.studydemo.demo.model.entity.User".
2023-01-30 11:03:11.241 - WARN  [           main] c.b.m.c.i.DefaultSqlInjector   : class com.studydemo.demo.model.entity.User ,Not found @TableId annotation, Cannot use Mybatis-Plus 'xxById' Method.
2023-01-30 11:03:35.676 - WARN  [           main] ateJsonObjectContextCustomizer : 

Found multiple occurrences of org.json.JSONObject on the class path:

	jar:file:/D:/software/maven/repository/com/vaadin/external/google/android-json/0.0.20131108.vaadin1/android-json-0.0.20131108.vaadin1.jar!/org/json/JSONObject.class
	jar:file:/D:/software/maven/repository/org/json/json/20190722/json-20190722.jar!/org/json/JSONObject.class

You may wish to exclude one of them to ensure predictable runtime behavior

2023-01-30 11:03:36.004 - WARN  [           main] ateJsonObjectContextCustomizer : 

Found multiple occurrences of org.json.JSONObject on the class path:

	jar:file:/D:/software/maven/repository/com/vaadin/external/google/android-json/0.0.20131108.vaadin1/android-json-0.0.20131108.vaadin1.jar!/org/json/JSONObject.class
	jar:file:/D:/software/maven/repository/org/json/json/20190722/json-20190722.jar!/org/json/JSONObject.class

You may wish to exclude one of them to ensure predictable runtime behavior

2023-01-30 11:03:39.566 - WARN  [           main] c.b.m.c.m.TableInfoHelper      : Can not find table primary key in Class: "com.studydemo.demo.model.entity.Product".
2023-01-30 11:03:39.581 - WARN  [           main] c.b.m.c.i.DefaultSqlInjector   : class com.studydemo.demo.model.entity.Product ,Not found @TableId annotation, Cannot use Mybatis-Plus 'xxById' Method.
2023-01-30 11:03:39.628 - WARN  [           main] c.b.m.c.m.TableInfoHelper      : Can not find table primary key in Class: "com.studydemo.demo.model.entity.Product".
2023-01-30 11:03:39.644 - WARN  [           main] c.b.m.c.i.DefaultSqlInjector   : class com.studydemo.demo.model.entity.Product ,Not found @TableId annotation, Cannot use Mybatis-Plus 'xxById' Method.
2023-01-30 11:03:39.738 - WARN  [           main] c.b.m.c.m.TableInfoHelper      : Can not find table primary key in Class: "com.studydemo.demo.model.entity.User".
2023-01-30 11:03:39.738 - WARN  [           main] c.b.m.c.i.DefaultSqlInjector   : class com.studydemo.demo.model.entity.User ,Not found @TableId annotation, Cannot use Mybatis-Plus 'xxById' Method.
2023-01-30 11:03:39.925 - WARN  [           main] c.b.m.c.m.TableInfoHelper      : Can not find table primary key in Class: "com.studydemo.demo.model.entity.User".
2023-01-30 11:03:39.925 - WARN  [           main] c.b.m.c.i.DefaultSqlInjector   : class com.studydemo.demo.model.entity.User ,Not found @TableId annotation, Cannot use Mybatis-Plus 'xxById' Method.
2023-01-30 11:03:52.809 - WARN  [           main] ateJsonObjectContextCustomizer : 

Found multiple occurrences of org.json.JSONObject on the class path:

	jar:file:/D:/software/maven/repository/com/vaadin/external/google/android-json/0.0.20131108.vaadin1/android-json-0.0.20131108.vaadin1.jar!/org/json/JSONObject.class
	jar:file:/D:/software/maven/repository/org/json/json/20190722/json-20190722.jar!/org/json/JSONObject.class

You may wish to exclude one of them to ensure predictable runtime behavior

2023-01-30 11:03:55.262 - WARN  [           main] c.b.m.c.m.TableInfoHelper      : Can not find table primary key in Class: "com.studydemo.demo.model.entity.Product".
2023-01-30 11:03:55.278 - WARN  [           main] c.b.m.c.i.DefaultSqlInjector   : class com.studydemo.demo.model.entity.Product ,Not found @TableId annotation, Cannot use Mybatis-Plus 'xxById' Method.
2023-01-30 11:03:55.402 - WARN  [           main] c.b.m.c.m.TableInfoHelper      : Can not find table primary key in Class: "com.studydemo.demo.model.entity.User".
2023-01-30 11:03:55.402 - WARN  [           main] c.b.m.c.i.DefaultSqlInjector   : class com.studydemo.demo.model.entity.User ,Not found @TableId annotation, Cannot use Mybatis-Plus 'xxById' Method.
2023-01-30 11:04:03.166 - WARN  [           main] c.b.m.c.m.TableInfoHelper      : Can not find table primary key in Class: "com.studydemo.demo.model.entity.Product".
2023-01-30 11:04:03.166 - WARN  [           main] c.b.m.c.i.DefaultSqlInjector   : class com.studydemo.demo.model.entity.Product ,Not found @TableId annotation, Cannot use Mybatis-Plus 'xxById' Method.
2023-01-30 11:04:03.291 - WARN  [           main] c.b.m.c.m.TableInfoHelper      : Can not find table primary key in Class: "com.studydemo.demo.model.entity.User".
2023-01-30 11:04:03.291 - WARN  [           main] c.b.m.c.i.DefaultSqlInjector   : class com.studydemo.demo.model.entity.User ,Not found @TableId annotation, Cannot use Mybatis-Plus 'xxById' Method.
2023-01-30 11:04:53.172 - WARN  [           main] ateJsonObjectContextCustomizer : 

Found multiple occurrences of org.json.JSONObject on the class path:

	jar:file:/D:/software/maven/repository/com/vaadin/external/google/android-json/0.0.20131108.vaadin1/android-json-0.0.20131108.vaadin1.jar!/org/json/JSONObject.class
	jar:file:/D:/software/maven/repository/org/json/json/20190722/json-20190722.jar!/org/json/JSONObject.class

You may wish to exclude one of them to ensure predictable runtime behavior

2023-01-30 11:04:53.578 - WARN  [           main] ateJsonObjectContextCustomizer : 

Found multiple occurrences of org.json.JSONObject on the class path:

	jar:file:/D:/software/maven/repository/com/vaadin/external/google/android-json/0.0.20131108.vaadin1/android-json-0.0.20131108.vaadin1.jar!/org/json/JSONObject.class
	jar:file:/D:/software/maven/repository/org/json/json/20190722/json-20190722.jar!/org/json/JSONObject.class

You may wish to exclude one of them to ensure predictable runtime behavior

2023-01-30 11:04:53.703 - WARN  [           main] ateJsonObjectContextCustomizer : 

Found multiple occurrences of org.json.JSONObject on the class path:

	jar:file:/D:/software/maven/repository/com/vaadin/external/google/android-json/0.0.20131108.vaadin1/android-json-0.0.20131108.vaadin1.jar!/org/json/JSONObject.class
	jar:file:/D:/software/maven/repository/org/json/json/20190722/json-20190722.jar!/org/json/JSONObject.class

You may wish to exclude one of them to ensure predictable runtime behavior

2023-01-30 11:04:59.670 - WARN  [           main] c.b.m.c.m.TableInfoHelper      : Can not find table primary key in Class: "com.studydemo.demo.model.entity.Product".
2023-01-30 11:04:59.686 - WARN  [           main] c.b.m.c.i.DefaultSqlInjector   : class com.studydemo.demo.model.entity.Product ,Not found @TableId annotation, Cannot use Mybatis-Plus 'xxById' Method.
2023-01-30 11:04:59.686 - WARN  [           main] c.b.m.c.m.TableInfoHelper      : Can not find table primary key in Class: "com.studydemo.demo.model.entity.Product".
2023-01-30 11:04:59.686 - WARN  [           main] c.b.m.c.m.TableInfoHelper      : Can not find table primary key in Class: "com.studydemo.demo.model.entity.Product".
2023-01-30 11:04:59.701 - WARN  [           main] c.b.m.c.i.DefaultSqlInjector   : class com.studydemo.demo.model.entity.Product ,Not found @TableId annotation, Cannot use Mybatis-Plus 'xxById' Method.
2023-01-30 11:04:59.701 - WARN  [           main] c.b.m.c.i.DefaultSqlInjector   : class com.studydemo.demo.model.entity.Product ,Not found @TableId annotation, Cannot use Mybatis-Plus 'xxById' Method.
2023-01-30 11:04:59.967 - WARN  [           main] c.b.m.c.m.TableInfoHelper      : Can not find table primary key in Class: "com.studydemo.demo.model.entity.User".
2023-01-30 11:04:59.967 - WARN  [           main] c.b.m.c.i.DefaultSqlInjector   : class com.studydemo.demo.model.entity.User ,Not found @TableId annotation, Cannot use Mybatis-Plus 'xxById' Method.
2023-01-30 11:04:59.983 - WARN  [           main] c.b.m.c.m.TableInfoHelper      : Can not find table primary key in Class: "com.studydemo.demo.model.entity.User".
2023-01-30 11:04:59.998 - WARN  [           main] c.b.m.c.i.DefaultSqlInjector   : class com.studydemo.demo.model.entity.User ,Not found @TableId annotation, Cannot use Mybatis-Plus 'xxById' Method.
2023-01-30 11:04:59.998 - WARN  [           main] c.b.m.c.m.TableInfoHelper      : Can not find table primary key in Class: "com.studydemo.demo.model.entity.User".
2023-01-30 11:05:00.014 - WARN  [           main] c.b.m.c.i.DefaultSqlInjector   : class com.studydemo.demo.model.entity.User ,Not found @TableId annotation, Cannot use Mybatis-Plus 'xxById' Method.
2023-01-30 11:05:38.663 - WARN  [           main] ateJsonObjectContextCustomizer : 

Found multiple occurrences of org.json.JSONObject on the class path:

	jar:file:/D:/software/maven/repository/com/vaadin/external/google/android-json/0.0.20131108.vaadin1/android-json-0.0.20131108.vaadin1.jar!/org/json/JSONObject.class
	jar:file:/D:/software/maven/repository/org/json/json/20190722/json-20190722.jar!/org/json/JSONObject.class

You may wish to exclude one of them to ensure predictable runtime behavior

2023-01-30 11:05:41.412 - WARN  [           main] c.b.m.c.m.TableInfoHelper      : Can not find table primary key in Class: "com.studydemo.demo.model.entity.Product".
2023-01-30 11:05:41.412 - WARN  [           main] c.b.m.c.i.DefaultSqlInjector   : class com.studydemo.demo.model.entity.Product ,Not found @TableId annotation, Cannot use Mybatis-Plus 'xxById' Method.
2023-01-30 11:05:41.552 - WARN  [           main] c.b.m.c.m.TableInfoHelper      : Can not find table primary key in Class: "com.studydemo.demo.model.entity.User".
2023-01-30 11:05:41.552 - WARN  [           main] c.b.m.c.i.DefaultSqlInjector   : class com.studydemo.demo.model.entity.User ,Not found @TableId annotation, Cannot use Mybatis-Plus 'xxById' Method.
2023-01-30 11:05:49.958 - WARN  [           main] c.b.m.c.m.TableInfoHelper      : Can not find table primary key in Class: "com.studydemo.demo.model.entity.Product".
2023-01-30 11:05:49.958 - WARN  [           main] c.b.m.c.i.DefaultSqlInjector   : class com.studydemo.demo.model.entity.Product ,Not found @TableId annotation, Cannot use Mybatis-Plus 'xxById' Method.
2023-01-30 11:05:50.083 - WARN  [           main] c.b.m.c.m.TableInfoHelper      : Can not find table primary key in Class: "com.studydemo.demo.model.entity.User".
2023-01-30 11:05:50.083 - WARN  [           main] c.b.m.c.i.DefaultSqlInjector   : class com.studydemo.demo.model.entity.User ,Not found @TableId annotation, Cannot use Mybatis-Plus 'xxById' Method.
2023-01-30 11:12:56.364 - WARN  [           main] ateJsonObjectContextCustomizer : 

Found multiple occurrences of org.json.JSONObject on the class path:

	jar:file:/D:/software/maven/repository/com/vaadin/external/google/android-json/0.0.20131108.vaadin1/android-json-0.0.20131108.vaadin1.jar!/org/json/JSONObject.class
	jar:file:/D:/software/maven/repository/org/json/json/20190722/json-20190722.jar!/org/json/JSONObject.class

You may wish to exclude one of them to ensure predictable runtime behavior

2023-01-30 11:12:58.910 - WARN  [           main] c.b.m.c.i.DefaultSqlInjector   : class com.studydemo.demo.model.entity.Product ,Not found @TableId annotation, Cannot use Mybatis-Plus 'xxById' Method.
2023-01-30 11:12:59.051 - WARN  [           main] c.b.m.c.i.DefaultSqlInjector   : class com.studydemo.demo.model.entity.User ,Not found @TableId annotation, Cannot use Mybatis-Plus 'xxById' Method.
2023-01-30 11:27:26.871 - WARN  [           main] ateJsonObjectContextCustomizer : 

Found multiple occurrences of org.json.JSONObject on the class path:

	jar:file:/D:/software/maven/repository/com/vaadin/external/google/android-json/0.0.20131108.vaadin1/android-json-0.0.20131108.vaadin1.jar!/org/json/JSONObject.class
	jar:file:/D:/software/maven/repository/org/json/json/20190722/json-20190722.jar!/org/json/JSONObject.class

You may wish to exclude one of them to ensure predictable runtime behavior

2023-01-30 11:27:29.293 - WARN  [           main] c.b.m.c.i.DefaultSqlInjector   : class com.studydemo.demo.model.entity.Product ,Not found @TableId annotation, Cannot use Mybatis-Plus 'xxById' Method.
2023-01-30 11:27:29.433 - WARN  [           main] c.b.m.c.i.DefaultSqlInjector   : class com.studydemo.demo.model.entity.User ,Not found @TableId annotation, Cannot use Mybatis-Plus 'xxById' Method.
2023-01-30 11:27:37.135 - WARN  [           main] c.b.m.c.i.DefaultSqlInjector   : class com.studydemo.demo.model.entity.Product ,Not found @TableId annotation, Cannot use Mybatis-Plus 'xxById' Method.
2023-01-30 11:27:37.259 - WARN  [           main] c.b.m.c.i.DefaultSqlInjector   : class com.studydemo.demo.model.entity.User ,Not found @TableId annotation, Cannot use Mybatis-Plus 'xxById' Method.
