2023-01-30 11:03:08.070 - INFO  [           main] bstractTestContextBootstrapper : Neither @ContextConfiguration nor @ContextHierarchy found for test class [com.studydemo.demo.DemoApplicationTests], using SpringBootContextLoader
2023-01-30 11:03:08.086 - INFO  [           main] .s.t.c.s.AbstractContextLoader : Could not detect default resource locations for test class [com.studydemo.demo.DemoApplicationTests]: no resource found for suffixes {-context.xml, Context.groovy}.
2023-01-30 11:03:08.086 - INFO  [           main] tationConfigContextLoaderUtils : Could not detect default configuration classes for test class [com.studydemo.demo.DemoApplicationTests]: DemoApplicationTests does not declare any static, non-private, non-final, nested classes annotated with @Configuration.
2023-01-30 11:03:08.195 - INFO  [           main] ingBootTestContextBootstrapper : Found @SpringBootConfiguration com.studydemo.demo.DemoApplication for test class com.studydemo.demo.DemoApplicationTests
2023-01-30 11:03:08.320 - INFO  [           main] bstractTestContextBootstrapper : Loaded default TestExecutionListener class names from location [META-INF/spring.factories]: [org.springframework.boot.test.mock.mockito.MockitoTestExecutionListener, org.springframework.boot.test.mock.mockito.ResetMocksTestExecutionListener, org.springframework.boot.test.autoconfigure.restdocs.RestDocsTestExecutionListener, org.springframework.boot.test.autoconfigure.web.client.MockRestServiceServerResetTestExecutionListener, org.springframework.boot.test.autoconfigure.web.servlet.MockMvcPrintOnlyOnFailureTestExecutionListener, org.springframework.boot.test.autoconfigure.web.servlet.WebDriverTestExecutionListener, org.springframework.boot.test.autoconfigure.webservices.client.MockWebServiceServerTestExecutionListener, org.springframework.test.context.web.ServletTestExecutionListener, org.springframework.test.context.support.DirtiesContextBeforeModesTestExecutionListener, org.springframework.test.context.event.ApplicationEventsTestExecutionListener, org.springframework.test.context.support.DependencyInjectionTestExecutionListener, org.springframework.test.context.support.DirtiesContextTestExecutionListener, org.springframework.test.context.transaction.TransactionalTestExecutionListener, org.springframework.test.context.jdbc.SqlScriptsTestExecutionListener, org.springframework.test.context.event.EventPublishingTestExecutionListener]
2023-01-30 11:03:08.336 - INFO  [           main] bstractTestContextBootstrapper : Using TestExecutionListeners: [org.springframework.test.context.web.ServletTestExecutionListener@485a3466, org.springframework.test.context.support.DirtiesContextBeforeModesTestExecutionListener@25748410, org.springframework.test.context.event.ApplicationEventsTestExecutionListener@2b43529a, org.springframework.boot.test.mock.mockito.MockitoTestExecutionListener@4264b240, org.springframework.boot.test.autoconfigure.SpringBootDependencyInjectionTestExecutionListener@5b04476e, org.springframework.test.context.support.DirtiesContextTestExecutionListener@5ad10c1a, org.springframework.test.context.transaction.TransactionalTestExecutionListener@6bb75258, org.springframework.test.context.jdbc.SqlScriptsTestExecutionListener@c260bdc, org.springframework.test.context.event.EventPublishingTestExecutionListener@75e01201, org.springframework.boot.test.mock.mockito.ResetMocksTestExecutionListener@2783717b, org.springframework.boot.test.autoconfigure.restdocs.RestDocsTestExecutionListener@76f7d241, org.springframework.boot.test.autoconfigure.web.client.MockRestServiceServerResetTestExecutionListener@4a335fa8, org.springframework.boot.test.autoconfigure.web.servlet.MockMvcPrintOnlyOnFailureTestExecutionListener@3f363cf5, org.springframework.boot.test.autoconfigure.web.servlet.WebDriverTestExecutionListener@3829ac1, org.springframework.boot.test.autoconfigure.webservices.client.MockWebServiceServerTestExecutionListener@4baf352a]
2023-01-30 11:03:08.664 - WARN  [           main] ateJsonObjectContextCustomizer : 

Found multiple occurrences of org.json.JSONObject on the class path:

	jar:file:/D:/software/maven/repository/com/vaadin/external/google/android-json/0.0.20131108.vaadin1/android-json-0.0.20131108.vaadin1.jar!/org/json/JSONObject.class
	jar:file:/D:/software/maven/repository/org/json/json/20190722/json-20190722.jar!/org/json/JSONObject.class

You may wish to exclude one of them to ensure predictable runtime behavior

2023-01-30 11:03:08.679 - INFO  [           main] o.s.b.StartupInfoLogger        : Starting DemoApplicationTests using Java 1.8.0_131 on DESKTOP-M3SS6HN with PID 4944 (started by by in D:\ideaProjects\studyDemo20230129)
2023-01-30 11:03:08.679 - INFO  [           main] o.s.b.SpringApplication        : The following profiles are active: swagger
2023-01-30 11:03:10.054 - INFO  [           main] a.DruidDataSourceAutoConfigure : Init DruidDataSource
2023-01-30 11:03:10.257 - INFO  [           main] c.a.d.p.DruidDataSource        : {dataSource-1} inited
2023-01-30 11:03:11.085 - WARN  [           main] c.b.m.c.m.TableInfoHelper      : Can not find table primary key in Class: "com.studydemo.demo.model.entity.Product".
2023-01-30 11:03:11.085 - WARN  [           main] c.b.m.c.i.DefaultSqlInjector   : class com.studydemo.demo.model.entity.Product ,Not found @TableId annotation, Cannot use Mybatis-Plus 'xxById' Method.
2023-01-30 11:03:11.241 - WARN  [           main] c.b.m.c.m.TableInfoHelper      : Can not find table primary key in Class: "com.studydemo.demo.model.entity.User".
2023-01-30 11:03:11.241 - WARN  [           main] c.b.m.c.i.DefaultSqlInjector   : class com.studydemo.demo.model.entity.User ,Not found @TableId annotation, Cannot use Mybatis-Plus 'xxById' Method.
2023-01-30 11:03:12.053 - INFO  [           main] edRequestMappingHandlerMapping : Mapped URL path [/v2/api-docs] onto method [springfox.documentation.swagger2.web.Swagger2Controller#getDocumentation(String, HttpServletRequest)]
2023-01-30 11:03:12.694 - INFO  [           main] cumentationPluginsBootstrapper : Context refreshed
2023-01-30 11:03:12.725 - INFO  [           main] cumentationPluginsBootstrapper : Found 1 custom documentation plugin(s)
2023-01-30 11:03:12.756 - INFO  [           main] w.s.ApiListingReferenceScanner : Scanning for api listing references
2023-01-30 11:03:12.959 - INFO  [           main] o.s.b.StartupInfoLogger        : Started DemoApplicationTests in 4.578 seconds (JVM running for 6.214)
2023-01-30 11:03:13.256 - INFO  [ionShutdownHook] c.a.d.p.DruidDataSource        : {dataSource-1} closed
2023-01-30 11:03:34.911 - INFO  [           main] bstractTestContextBootstrapper : Neither @ContextConfiguration nor @ContextHierarchy found for test class [com.studydemo.demo.DemoApplicationTests], using SpringBootContextLoader
2023-01-30 11:03:34.926 - INFO  [           main] .s.t.c.s.AbstractContextLoader : Could not detect default resource locations for test class [com.studydemo.demo.DemoApplicationTests]: no resource found for suffixes {-context.xml, Context.groovy}.
2023-01-30 11:03:34.926 - INFO  [           main] tationConfigContextLoaderUtils : Could not detect default configuration classes for test class [com.studydemo.demo.DemoApplicationTests]: DemoApplicationTests does not declare any static, non-private, non-final, nested classes annotated with @Configuration.
2023-01-30 11:03:35.067 - INFO  [           main] bstractTestContextBootstrapper : Neither @ContextConfiguration nor @ContextHierarchy found for test class [com.studydemo.demo.DemoApplicationTests], using SpringBootContextLoader
2023-01-30 11:03:35.067 - INFO  [           main] .s.t.c.s.AbstractContextLoader : Could not detect default resource locations for test class [com.studydemo.demo.DemoApplicationTests]: no resource found for suffixes {-context.xml, Context.groovy}.
2023-01-30 11:03:35.067 - INFO  [           main] tationConfigContextLoaderUtils : Could not detect default configuration classes for test class [com.studydemo.demo.DemoApplicationTests]: DemoApplicationTests does not declare any static, non-private, non-final, nested classes annotated with @Configuration.
2023-01-30 11:03:35.082 - INFO  [           main] ingBootTestContextBootstrapper : Found @SpringBootConfiguration com.studydemo.demo.DemoApplication for test class com.studydemo.demo.DemoApplicationTests
2023-01-30 11:03:35.207 - INFO  [           main] ingBootTestContextBootstrapper : Found @SpringBootConfiguration com.studydemo.demo.DemoApplication for test class com.studydemo.demo.DemoApplicationTests
2023-01-30 11:03:35.223 - INFO  [           main] bstractTestContextBootstrapper : Loaded default TestExecutionListener class names from location [META-INF/spring.factories]: [org.springframework.boot.test.mock.mockito.MockitoTestExecutionListener, org.springframework.boot.test.mock.mockito.ResetMocksTestExecutionListener, org.springframework.boot.test.autoconfigure.restdocs.RestDocsTestExecutionListener, org.springframework.boot.test.autoconfigure.web.client.MockRestServiceServerResetTestExecutionListener, org.springframework.boot.test.autoconfigure.web.servlet.MockMvcPrintOnlyOnFailureTestExecutionListener, org.springframework.boot.test.autoconfigure.web.servlet.WebDriverTestExecutionListener, org.springframework.boot.test.autoconfigure.webservices.client.MockWebServiceServerTestExecutionListener, org.springframework.test.context.web.ServletTestExecutionListener, org.springframework.test.context.support.DirtiesContextBeforeModesTestExecutionListener, org.springframework.test.context.event.ApplicationEventsTestExecutionListener, org.springframework.test.context.support.DependencyInjectionTestExecutionListener, org.springframework.test.context.support.DirtiesContextTestExecutionListener, org.springframework.test.context.transaction.TransactionalTestExecutionListener, org.springframework.test.context.jdbc.SqlScriptsTestExecutionListener, org.springframework.test.context.event.EventPublishingTestExecutionListener]
2023-01-30 11:03:35.239 - INFO  [           main] bstractTestContextBootstrapper : Using TestExecutionListeners: [org.springframework.test.context.web.ServletTestExecutionListener@485a3466, org.springframework.test.context.support.DirtiesContextBeforeModesTestExecutionListener@25748410, org.springframework.test.context.event.ApplicationEventsTestExecutionListener@2b43529a, org.springframework.boot.test.mock.mockito.MockitoTestExecutionListener@4264b240, org.springframework.boot.test.autoconfigure.SpringBootDependencyInjectionTestExecutionListener@5b04476e, org.springframework.test.context.support.DirtiesContextTestExecutionListener@5ad10c1a, org.springframework.test.context.transaction.TransactionalTestExecutionListener@6bb75258, org.springframework.test.context.jdbc.SqlScriptsTestExecutionListener@c260bdc, org.springframework.test.context.event.EventPublishingTestExecutionListener@75e01201, org.springframework.boot.test.mock.mockito.ResetMocksTestExecutionListener@2783717b, org.springframework.boot.test.autoconfigure.restdocs.RestDocsTestExecutionListener@76f7d241, org.springframework.boot.test.autoconfigure.web.client.MockRestServiceServerResetTestExecutionListener@4a335fa8, org.springframework.boot.test.autoconfigure.web.servlet.MockMvcPrintOnlyOnFailureTestExecutionListener@3f363cf5, org.springframework.boot.test.autoconfigure.web.servlet.WebDriverTestExecutionListener@3829ac1, org.springframework.boot.test.autoconfigure.webservices.client.MockWebServiceServerTestExecutionListener@4baf352a]
2023-01-30 11:03:35.348 - INFO  [           main] bstractTestContextBootstrapper : Loaded default TestExecutionListener class names from location [META-INF/spring.factories]: [org.springframework.boot.test.mock.mockito.MockitoTestExecutionListener, org.springframework.boot.test.mock.mockito.ResetMocksTestExecutionListener, org.springframework.boot.test.autoconfigure.restdocs.RestDocsTestExecutionListener, org.springframework.boot.test.autoconfigure.web.client.MockRestServiceServerResetTestExecutionListener, org.springframework.boot.test.autoconfigure.web.servlet.MockMvcPrintOnlyOnFailureTestExecutionListener, org.springframework.boot.test.autoconfigure.web.servlet.WebDriverTestExecutionListener, org.springframework.boot.test.autoconfigure.webservices.client.MockWebServiceServerTestExecutionListener, org.springframework.test.context.web.ServletTestExecutionListener, org.springframework.test.context.support.DirtiesContextBeforeModesTestExecutionListener, org.springframework.test.context.event.ApplicationEventsTestExecutionListener, org.springframework.test.context.support.DependencyInjectionTestExecutionListener, org.springframework.test.context.support.DirtiesContextTestExecutionListener, org.springframework.test.context.transaction.TransactionalTestExecutionListener, org.springframework.test.context.jdbc.SqlScriptsTestExecutionListener, org.springframework.test.context.event.EventPublishingTestExecutionListener]
2023-01-30 11:03:35.364 - INFO  [           main] bstractTestContextBootstrapper : Using TestExecutionListeners: [org.springframework.test.context.web.ServletTestExecutionListener@7a527389, org.springframework.test.context.support.DirtiesContextBeforeModesTestExecutionListener@485a3466, org.springframework.test.context.event.ApplicationEventsTestExecutionListener@25748410, org.springframework.boot.test.mock.mockito.MockitoTestExecutionListener@2b43529a, org.springframework.boot.test.autoconfigure.SpringBootDependencyInjectionTestExecutionListener@4264b240, org.springframework.test.context.support.DirtiesContextTestExecutionListener@5b04476e, org.springframework.test.context.transaction.TransactionalTestExecutionListener@5ad10c1a, org.springframework.test.context.jdbc.SqlScriptsTestExecutionListener@6bb75258, org.springframework.test.context.event.EventPublishingTestExecutionListener@c260bdc, org.springframework.boot.test.mock.mockito.ResetMocksTestExecutionListener@75e01201, org.springframework.boot.test.autoconfigure.restdocs.RestDocsTestExecutionListener@2783717b, org.springframework.boot.test.autoconfigure.web.client.MockRestServiceServerResetTestExecutionListener@76f7d241, org.springframework.boot.test.autoconfigure.web.servlet.MockMvcPrintOnlyOnFailureTestExecutionListener@4a335fa8, org.springframework.boot.test.autoconfigure.web.servlet.WebDriverTestExecutionListener@3f363cf5, org.springframework.boot.test.autoconfigure.webservices.client.MockWebServiceServerTestExecutionListener@3829ac1]
2023-01-30 11:03:35.676 - WARN  [           main] ateJsonObjectContextCustomizer : 

Found multiple occurrences of org.json.JSONObject on the class path:

	jar:file:/D:/software/maven/repository/com/vaadin/external/google/android-json/0.0.20131108.vaadin1/android-json-0.0.20131108.vaadin1.jar!/org/json/JSONObject.class
	jar:file:/D:/software/maven/repository/org/json/json/20190722/json-20190722.jar!/org/json/JSONObject.class

You may wish to exclude one of them to ensure predictable runtime behavior

2023-01-30 11:03:35.692 - INFO  [           main] o.s.b.StartupInfoLogger        : Starting DemoApplicationTests using Java 1.8.0_131 on DESKTOP-M3SS6HN with PID 7016 (started by by in D:\ideaProjects\studyDemo20230129)
2023-01-30 11:03:35.707 - INFO  [           main] o.s.b.SpringApplication        : The following profiles are active: swagger
2023-01-30 11:03:36.004 - WARN  [           main] ateJsonObjectContextCustomizer : 

Found multiple occurrences of org.json.JSONObject on the class path:

	jar:file:/D:/software/maven/repository/com/vaadin/external/google/android-json/0.0.20131108.vaadin1/android-json-0.0.20131108.vaadin1.jar!/org/json/JSONObject.class
	jar:file:/D:/software/maven/repository/org/json/json/20190722/json-20190722.jar!/org/json/JSONObject.class

You may wish to exclude one of them to ensure predictable runtime behavior

2023-01-30 11:03:36.051 - INFO  [           main] o.s.b.StartupInfoLogger        : Starting DemoApplicationTests using Java 1.8.0_131 on DESKTOP-M3SS6HN with PID 10460 (started by by in D:\ideaProjects\studyDemo20230129)
2023-01-30 11:03:36.051 - INFO  [           main] o.s.b.SpringApplication        : The following profiles are active: swagger
2023-01-30 11:03:37.957 - INFO  [           main] a.DruidDataSourceAutoConfigure : Init DruidDataSource
2023-01-30 11:03:38.082 - INFO  [           main] a.DruidDataSourceAutoConfigure : Init DruidDataSource
2023-01-30 11:03:38.269 - INFO  [           main] c.a.d.p.DruidDataSource        : {dataSource-1} inited
2023-01-30 11:03:38.535 - INFO  [           main] c.a.d.p.DruidDataSource        : {dataSource-1} inited
2023-01-30 11:03:39.566 - WARN  [           main] c.b.m.c.m.TableInfoHelper      : Can not find table primary key in Class: "com.studydemo.demo.model.entity.Product".
2023-01-30 11:03:39.581 - WARN  [           main] c.b.m.c.i.DefaultSqlInjector   : class com.studydemo.demo.model.entity.Product ,Not found @TableId annotation, Cannot use Mybatis-Plus 'xxById' Method.
2023-01-30 11:03:39.628 - WARN  [           main] c.b.m.c.m.TableInfoHelper      : Can not find table primary key in Class: "com.studydemo.demo.model.entity.Product".
2023-01-30 11:03:39.644 - WARN  [           main] c.b.m.c.i.DefaultSqlInjector   : class com.studydemo.demo.model.entity.Product ,Not found @TableId annotation, Cannot use Mybatis-Plus 'xxById' Method.
2023-01-30 11:03:39.738 - WARN  [           main] c.b.m.c.m.TableInfoHelper      : Can not find table primary key in Class: "com.studydemo.demo.model.entity.User".
2023-01-30 11:03:39.738 - WARN  [           main] c.b.m.c.i.DefaultSqlInjector   : class com.studydemo.demo.model.entity.User ,Not found @TableId annotation, Cannot use Mybatis-Plus 'xxById' Method.
2023-01-30 11:03:39.925 - WARN  [           main] c.b.m.c.m.TableInfoHelper      : Can not find table primary key in Class: "com.studydemo.demo.model.entity.User".
2023-01-30 11:03:39.925 - WARN  [           main] c.b.m.c.i.DefaultSqlInjector   : class com.studydemo.demo.model.entity.User ,Not found @TableId annotation, Cannot use Mybatis-Plus 'xxById' Method.
2023-01-30 11:03:41.081 - INFO  [           main] edRequestMappingHandlerMapping : Mapped URL path [/v2/api-docs] onto method [springfox.documentation.swagger2.web.Swagger2Controller#getDocumentation(String, HttpServletRequest)]
2023-01-30 11:03:41.878 - INFO  [           main] edRequestMappingHandlerMapping : Mapped URL path [/v2/api-docs] onto method [springfox.documentation.swagger2.web.Swagger2Controller#getDocumentation(String, HttpServletRequest)]
2023-01-30 11:03:42.487 - INFO  [           main] cumentationPluginsBootstrapper : Context refreshed
2023-01-30 11:03:42.549 - INFO  [           main] cumentationPluginsBootstrapper : Found 1 custom documentation plugin(s)
2023-01-30 11:03:42.612 - INFO  [           main] w.s.ApiListingReferenceScanner : Scanning for api listing references
2023-01-30 11:03:42.971 - INFO  [           main] cumentationPluginsBootstrapper : Context refreshed
2023-01-30 11:03:43.049 - INFO  [           main] o.s.b.StartupInfoLogger        : Started DemoApplicationTests in 7.757 seconds (JVM running for 9.896)
2023-01-30 11:03:43.049 - INFO  [           main] cumentationPluginsBootstrapper : Found 1 custom documentation plugin(s)
2023-01-30 11:03:43.096 - INFO  [           main] w.s.ApiListingReferenceScanner : Scanning for api listing references
2023-01-30 11:03:43.549 - INFO  [           main] o.s.b.StartupInfoLogger        : Started DemoApplicationTests in 8.121 seconds (JVM running for 10.242)
2023-01-30 11:03:43.627 - INFO  [ionShutdownHook] c.a.d.p.DruidDataSource        : {dataSource-1} closed
2023-01-30 11:03:43.877 - INFO  [ionShutdownHook] c.a.d.p.DruidDataSource        : {dataSource-1} closed
2023-01-30 11:03:52.247 - INFO  [           main] bstractTestContextBootstrapper : Neither @ContextConfiguration nor @ContextHierarchy found for test class [com.studydemo.demo.DemoApplicationTests], using SpringBootContextLoader
2023-01-30 11:03:52.263 - INFO  [           main] .s.t.c.s.AbstractContextLoader : Could not detect default resource locations for test class [com.studydemo.demo.DemoApplicationTests]: no resource found for suffixes {-context.xml, Context.groovy}.
2023-01-30 11:03:52.263 - INFO  [           main] tationConfigContextLoaderUtils : Could not detect default configuration classes for test class [com.studydemo.demo.DemoApplicationTests]: DemoApplicationTests does not declare any static, non-private, non-final, nested classes annotated with @Configuration.
2023-01-30 11:03:52.372 - INFO  [           main] ingBootTestContextBootstrapper : Found @SpringBootConfiguration com.studydemo.demo.DemoApplication for test class com.studydemo.demo.DemoApplicationTests
2023-01-30 11:03:52.497 - INFO  [           main] bstractTestContextBootstrapper : Loaded default TestExecutionListener class names from location [META-INF/spring.factories]: [org.springframework.boot.test.mock.mockito.MockitoTestExecutionListener, org.springframework.boot.test.mock.mockito.ResetMocksTestExecutionListener, org.springframework.boot.test.autoconfigure.restdocs.RestDocsTestExecutionListener, org.springframework.boot.test.autoconfigure.web.client.MockRestServiceServerResetTestExecutionListener, org.springframework.boot.test.autoconfigure.web.servlet.MockMvcPrintOnlyOnFailureTestExecutionListener, org.springframework.boot.test.autoconfigure.web.servlet.WebDriverTestExecutionListener, org.springframework.boot.test.autoconfigure.webservices.client.MockWebServiceServerTestExecutionListener, org.springframework.test.context.web.ServletTestExecutionListener, org.springframework.test.context.support.DirtiesContextBeforeModesTestExecutionListener, org.springframework.test.context.event.ApplicationEventsTestExecutionListener, org.springframework.test.context.support.DependencyInjectionTestExecutionListener, org.springframework.test.context.support.DirtiesContextTestExecutionListener, org.springframework.test.context.transaction.TransactionalTestExecutionListener, org.springframework.test.context.jdbc.SqlScriptsTestExecutionListener, org.springframework.test.context.event.EventPublishingTestExecutionListener]
2023-01-30 11:03:52.513 - INFO  [           main] bstractTestContextBootstrapper : Using TestExecutionListeners: [org.springframework.test.context.web.ServletTestExecutionListener@485a3466, org.springframework.test.context.support.DirtiesContextBeforeModesTestExecutionListener@25748410, org.springframework.test.context.event.ApplicationEventsTestExecutionListener@2b43529a, org.springframework.boot.test.mock.mockito.MockitoTestExecutionListener@4264b240, org.springframework.boot.test.autoconfigure.SpringBootDependencyInjectionTestExecutionListener@5b04476e, org.springframework.test.context.support.DirtiesContextTestExecutionListener@5ad10c1a, org.springframework.test.context.transaction.TransactionalTestExecutionListener@6bb75258, org.springframework.test.context.jdbc.SqlScriptsTestExecutionListener@c260bdc, org.springframework.test.context.event.EventPublishingTestExecutionListener@75e01201, org.springframework.boot.test.mock.mockito.ResetMocksTestExecutionListener@2783717b, org.springframework.boot.test.autoconfigure.restdocs.RestDocsTestExecutionListener@76f7d241, org.springframework.boot.test.autoconfigure.web.client.MockRestServiceServerResetTestExecutionListener@4a335fa8, org.springframework.boot.test.autoconfigure.web.servlet.MockMvcPrintOnlyOnFailureTestExecutionListener@3f363cf5, org.springframework.boot.test.autoconfigure.web.servlet.WebDriverTestExecutionListener@3829ac1, org.springframework.boot.test.autoconfigure.webservices.client.MockWebServiceServerTestExecutionListener@4baf352a]
2023-01-30 11:03:52.809 - WARN  [           main] ateJsonObjectContextCustomizer : 

Found multiple occurrences of org.json.JSONObject on the class path:

	jar:file:/D:/software/maven/repository/com/vaadin/external/google/android-json/0.0.20131108.vaadin1/android-json-0.0.20131108.vaadin1.jar!/org/json/JSONObject.class
	jar:file:/D:/software/maven/repository/org/json/json/20190722/json-20190722.jar!/org/json/JSONObject.class

You may wish to exclude one of them to ensure predictable runtime behavior

2023-01-30 11:03:52.825 - INFO  [           main] o.s.b.StartupInfoLogger        : Starting DemoApplicationTests using Java 1.8.0_131 on DESKTOP-M3SS6HN with PID 11972 (started by by in D:\ideaProjects\studyDemo20230129)
2023-01-30 11:03:52.841 - INFO  [           main] o.s.b.SpringApplication        : The following profiles are active: swagger
2023-01-30 11:03:54.200 - INFO  [           main] a.DruidDataSourceAutoConfigure : Init DruidDataSource
2023-01-30 11:03:54.403 - INFO  [           main] c.a.d.p.DruidDataSource        : {dataSource-1} inited
2023-01-30 11:03:55.262 - WARN  [           main] c.b.m.c.m.TableInfoHelper      : Can not find table primary key in Class: "com.studydemo.demo.model.entity.Product".
2023-01-30 11:03:55.278 - WARN  [           main] c.b.m.c.i.DefaultSqlInjector   : class com.studydemo.demo.model.entity.Product ,Not found @TableId annotation, Cannot use Mybatis-Plus 'xxById' Method.
2023-01-30 11:03:55.402 - WARN  [           main] c.b.m.c.m.TableInfoHelper      : Can not find table primary key in Class: "com.studydemo.demo.model.entity.User".
2023-01-30 11:03:55.402 - WARN  [           main] c.b.m.c.i.DefaultSqlInjector   : class com.studydemo.demo.model.entity.User ,Not found @TableId annotation, Cannot use Mybatis-Plus 'xxById' Method.
2023-01-30 11:03:56.199 - INFO  [           main] edRequestMappingHandlerMapping : Mapped URL path [/v2/api-docs] onto method [springfox.documentation.swagger2.web.Swagger2Controller#getDocumentation(String, HttpServletRequest)]
2023-01-30 11:03:56.824 - INFO  [           main] cumentationPluginsBootstrapper : Context refreshed
2023-01-30 11:03:56.855 - INFO  [           main] cumentationPluginsBootstrapper : Found 1 custom documentation plugin(s)
2023-01-30 11:03:56.887 - INFO  [           main] w.s.ApiListingReferenceScanner : Scanning for api listing references
2023-01-30 11:03:57.121 - INFO  [           main] o.s.b.StartupInfoLogger        : Started DemoApplicationTests in 4.557 seconds (JVM running for 6.125)
2023-01-30 11:03:57.402 - INFO  [ionShutdownHook] c.a.d.p.DruidDataSource        : {dataSource-1} closed
2023-01-30 11:04:01.073 - INFO  [           main] o.s.b.StartupInfoLogger        : Starting DemoApplication using Java 11.0.18 on DESKTOP-M3SS6HN with PID 3192 (D:\ideaProjects\studyDemo20230129\target\classes started by by in D:\ideaProjects\studyDemo20230129)
2023-01-30 11:04:01.089 - INFO  [           main] o.s.b.SpringApplication        : The following profiles are active: swagger
2023-01-30 11:04:02.276 - INFO  [           main] o.s.b.w.e.t.TomcatWebServer    : Tomcat initialized with port(s): 8080 (http)
2023-01-30 11:04:02.291 - INFO  [           main] o.a.j.l.DirectJDKLog           : Initializing ProtocolHandler ["http-nio-8080"]
2023-01-30 11:04:02.291 - INFO  [           main] o.a.j.l.DirectJDKLog           : Starting service [Tomcat]
2023-01-30 11:04:02.291 - INFO  [           main] o.a.j.l.DirectJDKLog           : Starting Servlet engine: [Apache Tomcat/9.0.52]
2023-01-30 11:04:02.370 - INFO  [           main] o.a.j.l.DirectJDKLog           : Initializing Spring embedded WebApplicationContext
2023-01-30 11:04:02.370 - INFO  [           main] letWebServerApplicationContext : Root WebApplicationContext: initialization completed in 1250 ms
2023-01-30 11:04:02.432 - INFO  [           main] a.DruidDataSourceAutoConfigure : Init DruidDataSource
2023-01-30 11:04:02.557 - INFO  [           main] c.a.d.p.DruidDataSource        : {dataSource-1} inited
2023-01-30 11:04:03.166 - WARN  [           main] c.b.m.c.m.TableInfoHelper      : Can not find table primary key in Class: "com.studydemo.demo.model.entity.Product".
2023-01-30 11:04:03.166 - WARN  [           main] c.b.m.c.i.DefaultSqlInjector   : class com.studydemo.demo.model.entity.Product ,Not found @TableId annotation, Cannot use Mybatis-Plus 'xxById' Method.
2023-01-30 11:04:03.291 - WARN  [           main] c.b.m.c.m.TableInfoHelper      : Can not find table primary key in Class: "com.studydemo.demo.model.entity.User".
2023-01-30 11:04:03.291 - WARN  [           main] c.b.m.c.i.DefaultSqlInjector   : class com.studydemo.demo.model.entity.User ,Not found @TableId annotation, Cannot use Mybatis-Plus 'xxById' Method.
2023-01-30 11:04:03.572 - INFO  [           main] edRequestMappingHandlerMapping : Mapped URL path [/v2/api-docs] onto method [springfox.documentation.swagger2.web.Swagger2Controller#getDocumentation(String, HttpServletRequest)]
2023-01-30 11:04:03.822 - INFO  [           main] o.a.j.l.DirectJDKLog           : Starting ProtocolHandler ["http-nio-8080"]
2023-01-30 11:04:03.838 - INFO  [           main] o.s.b.w.e.t.TomcatWebServer    : Tomcat started on port(s): 8080 (http) with context path ''
2023-01-30 11:04:03.838 - INFO  [           main] cumentationPluginsBootstrapper : Context refreshed
2023-01-30 11:04:03.854 - INFO  [           main] cumentationPluginsBootstrapper : Found 1 custom documentation plugin(s)
2023-01-30 11:04:03.885 - INFO  [           main] w.s.ApiListingReferenceScanner : Scanning for api listing references
2023-01-30 11:04:04.041 - INFO  [           main] o.s.b.StartupInfoLogger        : Started DemoApplication in 3.336 seconds (JVM running for 4.762)
2023-01-30 11:04:52.250 - INFO  [           main] bstractTestContextBootstrapper : Neither @ContextConfiguration nor @ContextHierarchy found for test class [com.studydemo.demo.DemoApplicationTests], using SpringBootContextLoader
2023-01-30 11:04:52.266 - INFO  [           main] .s.t.c.s.AbstractContextLoader : Could not detect default resource locations for test class [com.studydemo.demo.DemoApplicationTests]: no resource found for suffixes {-context.xml, Context.groovy}.
2023-01-30 11:04:52.266 - INFO  [           main] tationConfigContextLoaderUtils : Could not detect default configuration classes for test class [com.studydemo.demo.DemoApplicationTests]: DemoApplicationTests does not declare any static, non-private, non-final, nested classes annotated with @Configuration.
2023-01-30 11:04:52.406 - INFO  [           main] bstractTestContextBootstrapper : Neither @ContextConfiguration nor @ContextHierarchy found for test class [com.studydemo.demo.DemoApplicationTests], using SpringBootContextLoader
2023-01-30 11:04:52.422 - INFO  [           main] .s.t.c.s.AbstractContextLoader : Could not detect default resource locations for test class [com.studydemo.demo.DemoApplicationTests]: no resource found for suffixes {-context.xml, Context.groovy}.
2023-01-30 11:04:52.422 - INFO  [           main] tationConfigContextLoaderUtils : Could not detect default configuration classes for test class [com.studydemo.demo.DemoApplicationTests]: DemoApplicationTests does not declare any static, non-private, non-final, nested classes annotated with @Configuration.
2023-01-30 11:04:52.437 - INFO  [           main] ingBootTestContextBootstrapper : Found @SpringBootConfiguration com.studydemo.demo.DemoApplication for test class com.studydemo.demo.DemoApplicationTests
2023-01-30 11:04:52.500 - INFO  [           main] bstractTestContextBootstrapper : Neither @ContextConfiguration nor @ContextHierarchy found for test class [com.studydemo.demo.DemoApplicationTests], using SpringBootContextLoader
2023-01-30 11:04:52.500 - INFO  [           main] .s.t.c.s.AbstractContextLoader : Could not detect default resource locations for test class [com.studydemo.demo.DemoApplicationTests]: no resource found for suffixes {-context.xml, Context.groovy}.
2023-01-30 11:04:52.500 - INFO  [           main] tationConfigContextLoaderUtils : Could not detect default configuration classes for test class [com.studydemo.demo.DemoApplicationTests]: DemoApplicationTests does not declare any static, non-private, non-final, nested classes annotated with @Configuration.
2023-01-30 11:04:52.562 - INFO  [           main] ingBootTestContextBootstrapper : Found @SpringBootConfiguration com.studydemo.demo.DemoApplication for test class com.studydemo.demo.DemoApplicationTests
2023-01-30 11:04:52.594 - INFO  [           main] bstractTestContextBootstrapper : Loaded default TestExecutionListener class names from location [META-INF/spring.factories]: [org.springframework.boot.test.mock.mockito.MockitoTestExecutionListener, org.springframework.boot.test.mock.mockito.ResetMocksTestExecutionListener, org.springframework.boot.test.autoconfigure.restdocs.RestDocsTestExecutionListener, org.springframework.boot.test.autoconfigure.web.client.MockRestServiceServerResetTestExecutionListener, org.springframework.boot.test.autoconfigure.web.servlet.MockMvcPrintOnlyOnFailureTestExecutionListener, org.springframework.boot.test.autoconfigure.web.servlet.WebDriverTestExecutionListener, org.springframework.boot.test.autoconfigure.webservices.client.MockWebServiceServerTestExecutionListener, org.springframework.test.context.web.ServletTestExecutionListener, org.springframework.test.context.support.DirtiesContextBeforeModesTestExecutionListener, org.springframework.test.context.event.ApplicationEventsTestExecutionListener, org.springframework.test.context.support.DependencyInjectionTestExecutionListener, org.springframework.test.context.support.DirtiesContextTestExecutionListener, org.springframework.test.context.transaction.TransactionalTestExecutionListener, org.springframework.test.context.jdbc.SqlScriptsTestExecutionListener, org.springframework.test.context.event.EventPublishingTestExecutionListener]
2023-01-30 11:04:52.625 - INFO  [           main] bstractTestContextBootstrapper : Using TestExecutionListeners: [org.springframework.test.context.web.ServletTestExecutionListener@485a3466, org.springframework.test.context.support.DirtiesContextBeforeModesTestExecutionListener@25748410, org.springframework.test.context.event.ApplicationEventsTestExecutionListener@2b43529a, org.springframework.boot.test.mock.mockito.MockitoTestExecutionListener@4264b240, org.springframework.boot.test.autoconfigure.SpringBootDependencyInjectionTestExecutionListener@5b04476e, org.springframework.test.context.support.DirtiesContextTestExecutionListener@5ad10c1a, org.springframework.test.context.transaction.TransactionalTestExecutionListener@6bb75258, org.springframework.test.context.jdbc.SqlScriptsTestExecutionListener@c260bdc, org.springframework.test.context.event.EventPublishingTestExecutionListener@75e01201, org.springframework.boot.test.mock.mockito.ResetMocksTestExecutionListener@2783717b, org.springframework.boot.test.autoconfigure.restdocs.RestDocsTestExecutionListener@76f7d241, org.springframework.boot.test.autoconfigure.web.client.MockRestServiceServerResetTestExecutionListener@4a335fa8, org.springframework.boot.test.autoconfigure.web.servlet.MockMvcPrintOnlyOnFailureTestExecutionListener@3f363cf5, org.springframework.boot.test.autoconfigure.web.servlet.WebDriverTestExecutionListener@3829ac1, org.springframework.boot.test.autoconfigure.webservices.client.MockWebServiceServerTestExecutionListener@4baf352a]
2023-01-30 11:04:52.656 - INFO  [           main] ingBootTestContextBootstrapper : Found @SpringBootConfiguration com.studydemo.demo.DemoApplication for test class com.studydemo.demo.DemoApplicationTests
2023-01-30 11:04:52.734 - INFO  [           main] bstractTestContextBootstrapper : Loaded default TestExecutionListener class names from location [META-INF/spring.factories]: [org.springframework.boot.test.mock.mockito.MockitoTestExecutionListener, org.springframework.boot.test.mock.mockito.ResetMocksTestExecutionListener, org.springframework.boot.test.autoconfigure.restdocs.RestDocsTestExecutionListener, org.springframework.boot.test.autoconfigure.web.client.MockRestServiceServerResetTestExecutionListener, org.springframework.boot.test.autoconfigure.web.servlet.MockMvcPrintOnlyOnFailureTestExecutionListener, org.springframework.boot.test.autoconfigure.web.servlet.WebDriverTestExecutionListener, org.springframework.boot.test.autoconfigure.webservices.client.MockWebServiceServerTestExecutionListener, org.springframework.test.context.web.ServletTestExecutionListener, org.springframework.test.context.support.DirtiesContextBeforeModesTestExecutionListener, org.springframework.test.context.event.ApplicationEventsTestExecutionListener, org.springframework.test.context.support.DependencyInjectionTestExecutionListener, org.springframework.test.context.support.DirtiesContextTestExecutionListener, org.springframework.test.context.transaction.TransactionalTestExecutionListener, org.springframework.test.context.jdbc.SqlScriptsTestExecutionListener, org.springframework.test.context.event.EventPublishingTestExecutionListener]
2023-01-30 11:04:52.765 - INFO  [           main] bstractTestContextBootstrapper : Using TestExecutionListeners: [org.springframework.test.context.web.ServletTestExecutionListener@485a3466, org.springframework.test.context.support.DirtiesContextBeforeModesTestExecutionListener@25748410, org.springframework.test.context.event.ApplicationEventsTestExecutionListener@2b43529a, org.springframework.boot.test.mock.mockito.MockitoTestExecutionListener@4264b240, org.springframework.boot.test.autoconfigure.SpringBootDependencyInjectionTestExecutionListener@5b04476e, org.springframework.test.context.support.DirtiesContextTestExecutionListener@5ad10c1a, org.springframework.test.context.transaction.TransactionalTestExecutionListener@6bb75258, org.springframework.test.context.jdbc.SqlScriptsTestExecutionListener@c260bdc, org.springframework.test.context.event.EventPublishingTestExecutionListener@75e01201, org.springframework.boot.test.mock.mockito.ResetMocksTestExecutionListener@2783717b, org.springframework.boot.test.autoconfigure.restdocs.RestDocsTestExecutionListener@76f7d241, org.springframework.boot.test.autoconfigure.web.client.MockRestServiceServerResetTestExecutionListener@4a335fa8, org.springframework.boot.test.autoconfigure.web.servlet.MockMvcPrintOnlyOnFailureTestExecutionListener@3f363cf5, org.springframework.boot.test.autoconfigure.web.servlet.WebDriverTestExecutionListener@3829ac1, org.springframework.boot.test.autoconfigure.webservices.client.MockWebServiceServerTestExecutionListener@4baf352a]
2023-01-30 11:04:52.828 - INFO  [           main] bstractTestContextBootstrapper : Loaded default TestExecutionListener class names from location [META-INF/spring.factories]: [org.springframework.boot.test.mock.mockito.MockitoTestExecutionListener, org.springframework.boot.test.mock.mockito.ResetMocksTestExecutionListener, org.springframework.boot.test.autoconfigure.restdocs.RestDocsTestExecutionListener, org.springframework.boot.test.autoconfigure.web.client.MockRestServiceServerResetTestExecutionListener, org.springframework.boot.test.autoconfigure.web.servlet.MockMvcPrintOnlyOnFailureTestExecutionListener, org.springframework.boot.test.autoconfigure.web.servlet.WebDriverTestExecutionListener, org.springframework.boot.test.autoconfigure.webservices.client.MockWebServiceServerTestExecutionListener, org.springframework.test.context.web.ServletTestExecutionListener, org.springframework.test.context.support.DirtiesContextBeforeModesTestExecutionListener, org.springframework.test.context.event.ApplicationEventsTestExecutionListener, org.springframework.test.context.support.DependencyInjectionTestExecutionListener, org.springframework.test.context.support.DirtiesContextTestExecutionListener, org.springframework.test.context.transaction.TransactionalTestExecutionListener, org.springframework.test.context.jdbc.SqlScriptsTestExecutionListener, org.springframework.test.context.event.EventPublishingTestExecutionListener]
2023-01-30 11:04:52.859 - INFO  [           main] bstractTestContextBootstrapper : Using TestExecutionListeners: [org.springframework.test.context.web.ServletTestExecutionListener@485a3466, org.springframework.test.context.support.DirtiesContextBeforeModesTestExecutionListener@25748410, org.springframework.test.context.event.ApplicationEventsTestExecutionListener@2b43529a, org.springframework.boot.test.mock.mockito.MockitoTestExecutionListener@4264b240, org.springframework.boot.test.autoconfigure.SpringBootDependencyInjectionTestExecutionListener@5b04476e, org.springframework.test.context.support.DirtiesContextTestExecutionListener@5ad10c1a, org.springframework.test.context.transaction.TransactionalTestExecutionListener@6bb75258, org.springframework.test.context.jdbc.SqlScriptsTestExecutionListener@c260bdc, org.springframework.test.context.event.EventPublishingTestExecutionListener@75e01201, org.springframework.boot.test.mock.mockito.ResetMocksTestExecutionListener@2783717b, org.springframework.boot.test.autoconfigure.restdocs.RestDocsTestExecutionListener@76f7d241, org.springframework.boot.test.autoconfigure.web.client.MockRestServiceServerResetTestExecutionListener@4a335fa8, org.springframework.boot.test.autoconfigure.web.servlet.MockMvcPrintOnlyOnFailureTestExecutionListener@3f363cf5, org.springframework.boot.test.autoconfigure.web.servlet.WebDriverTestExecutionListener@3829ac1, org.springframework.boot.test.autoconfigure.webservices.client.MockWebServiceServerTestExecutionListener@4baf352a]
2023-01-30 11:04:53.172 - WARN  [           main] ateJsonObjectContextCustomizer : 

Found multiple occurrences of org.json.JSONObject on the class path:

	jar:file:/D:/software/maven/repository/com/vaadin/external/google/android-json/0.0.20131108.vaadin1/android-json-0.0.20131108.vaadin1.jar!/org/json/JSONObject.class
	jar:file:/D:/software/maven/repository/org/json/json/20190722/json-20190722.jar!/org/json/JSONObject.class

You may wish to exclude one of them to ensure predictable runtime behavior

2023-01-30 11:04:53.218 - INFO  [           main] o.s.b.StartupInfoLogger        : Starting DemoApplicationTests using Java 1.8.0_131 on DESKTOP-M3SS6HN with PID 12840 (started by by in D:\ideaProjects\studyDemo20230129)
2023-01-30 11:04:53.234 - INFO  [           main] o.s.b.SpringApplication        : The following profiles are active: swagger
2023-01-30 11:04:53.578 - WARN  [           main] ateJsonObjectContextCustomizer : 

Found multiple occurrences of org.json.JSONObject on the class path:

	jar:file:/D:/software/maven/repository/com/vaadin/external/google/android-json/0.0.20131108.vaadin1/android-json-0.0.20131108.vaadin1.jar!/org/json/JSONObject.class
	jar:file:/D:/software/maven/repository/org/json/json/20190722/json-20190722.jar!/org/json/JSONObject.class

You may wish to exclude one of them to ensure predictable runtime behavior

2023-01-30 11:04:53.640 - INFO  [           main] o.s.b.StartupInfoLogger        : Starting DemoApplicationTests using Java 1.8.0_131 on DESKTOP-M3SS6HN with PID 2604 (started by by in D:\ideaProjects\studyDemo20230129)
2023-01-30 11:04:53.640 - INFO  [           main] o.s.b.SpringApplication        : The following profiles are active: swagger
2023-01-30 11:04:53.703 - WARN  [           main] ateJsonObjectContextCustomizer : 

Found multiple occurrences of org.json.JSONObject on the class path:

	jar:file:/D:/software/maven/repository/com/vaadin/external/google/android-json/0.0.20131108.vaadin1/android-json-0.0.20131108.vaadin1.jar!/org/json/JSONObject.class
	jar:file:/D:/software/maven/repository/org/json/json/20190722/json-20190722.jar!/org/json/JSONObject.class

You may wish to exclude one of them to ensure predictable runtime behavior

2023-01-30 11:04:53.750 - INFO  [           main] o.s.b.StartupInfoLogger        : Starting DemoApplicationTests using Java 1.8.0_131 on DESKTOP-M3SS6HN with PID 16924 (started by by in D:\ideaProjects\studyDemo20230129)
2023-01-30 11:04:53.781 - INFO  [           main] o.s.b.SpringApplication        : The following profiles are active: swagger
2023-01-30 11:04:56.280 - INFO  [           main] a.DruidDataSourceAutoConfigure : Init DruidDataSource
2023-01-30 11:04:56.468 - INFO  [           main] a.DruidDataSourceAutoConfigure : Init DruidDataSource
2023-01-30 11:04:56.765 - INFO  [           main] a.DruidDataSourceAutoConfigure : Init DruidDataSource
2023-01-30 11:04:56.874 - INFO  [           main] c.a.d.p.DruidDataSource        : {dataSource-1} inited
2023-01-30 11:04:57.717 - INFO  [           main] c.a.d.p.DruidDataSource        : {dataSource-1} inited
2023-01-30 11:04:57.733 - INFO  [           main] c.a.d.p.DruidDataSource        : {dataSource-1} inited
2023-01-30 11:04:59.670 - WARN  [           main] c.b.m.c.m.TableInfoHelper      : Can not find table primary key in Class: "com.studydemo.demo.model.entity.Product".
2023-01-30 11:04:59.686 - WARN  [           main] c.b.m.c.i.DefaultSqlInjector   : class com.studydemo.demo.model.entity.Product ,Not found @TableId annotation, Cannot use Mybatis-Plus 'xxById' Method.
2023-01-30 11:04:59.686 - WARN  [           main] c.b.m.c.m.TableInfoHelper      : Can not find table primary key in Class: "com.studydemo.demo.model.entity.Product".
2023-01-30 11:04:59.686 - WARN  [           main] c.b.m.c.m.TableInfoHelper      : Can not find table primary key in Class: "com.studydemo.demo.model.entity.Product".
2023-01-30 11:04:59.701 - WARN  [           main] c.b.m.c.i.DefaultSqlInjector   : class com.studydemo.demo.model.entity.Product ,Not found @TableId annotation, Cannot use Mybatis-Plus 'xxById' Method.
2023-01-30 11:04:59.701 - WARN  [           main] c.b.m.c.i.DefaultSqlInjector   : class com.studydemo.demo.model.entity.Product ,Not found @TableId annotation, Cannot use Mybatis-Plus 'xxById' Method.
2023-01-30 11:04:59.967 - WARN  [           main] c.b.m.c.m.TableInfoHelper      : Can not find table primary key in Class: "com.studydemo.demo.model.entity.User".
2023-01-30 11:04:59.967 - WARN  [           main] c.b.m.c.i.DefaultSqlInjector   : class com.studydemo.demo.model.entity.User ,Not found @TableId annotation, Cannot use Mybatis-Plus 'xxById' Method.
2023-01-30 11:04:59.983 - WARN  [           main] c.b.m.c.m.TableInfoHelper      : Can not find table primary key in Class: "com.studydemo.demo.model.entity.User".
2023-01-30 11:04:59.998 - WARN  [           main] c.b.m.c.i.DefaultSqlInjector   : class com.studydemo.demo.model.entity.User ,Not found @TableId annotation, Cannot use Mybatis-Plus 'xxById' Method.
2023-01-30 11:04:59.998 - WARN  [           main] c.b.m.c.m.TableInfoHelper      : Can not find table primary key in Class: "com.studydemo.demo.model.entity.User".
2023-01-30 11:05:00.014 - WARN  [           main] c.b.m.c.i.DefaultSqlInjector   : class com.studydemo.demo.model.entity.User ,Not found @TableId annotation, Cannot use Mybatis-Plus 'xxById' Method.
2023-01-30 11:05:02.723 - INFO  [           main] edRequestMappingHandlerMapping : Mapped URL path [/v2/api-docs] onto method [springfox.documentation.swagger2.web.Swagger2Controller#getDocumentation(String, HttpServletRequest)]
2023-01-30 11:05:03.661 - INFO  [           main] edRequestMappingHandlerMapping : Mapped URL path [/v2/api-docs] onto method [springfox.documentation.swagger2.web.Swagger2Controller#getDocumentation(String, HttpServletRequest)]
2023-01-30 11:05:03.754 - INFO  [           main] edRequestMappingHandlerMapping : Mapped URL path [/v2/api-docs] onto method [springfox.documentation.swagger2.web.Swagger2Controller#getDocumentation(String, HttpServletRequest)]
2023-01-30 11:05:05.035 - INFO  [           main] cumentationPluginsBootstrapper : Context refreshed
2023-01-30 11:05:05.176 - INFO  [           main] cumentationPluginsBootstrapper : Found 1 custom documentation plugin(s)
2023-01-30 11:05:05.504 - INFO  [           main] w.s.ApiListingReferenceScanner : Scanning for api listing references
2023-01-30 11:05:06.863 - INFO  [           main] cumentationPluginsBootstrapper : Context refreshed
2023-01-30 11:05:06.910 - INFO  [           main] cumentationPluginsBootstrapper : Found 1 custom documentation plugin(s)
2023-01-30 11:05:07.019 - INFO  [           main] o.s.b.StartupInfoLogger        : Started DemoApplicationTests in 14.187 seconds (JVM running for 16.85)
2023-01-30 11:05:07.019 - INFO  [           main] w.s.ApiListingReferenceScanner : Scanning for api listing references
2023-01-30 11:05:07.051 - INFO  [           main] cumentationPluginsBootstrapper : Context refreshed
2023-01-30 11:05:07.176 - INFO  [           main] cumentationPluginsBootstrapper : Found 1 custom documentation plugin(s)
2023-01-30 11:05:07.238 - INFO  [           main] w.s.ApiListingReferenceScanner : Scanning for api listing references
2023-01-30 11:05:07.644 - INFO  [           main] o.s.b.StartupInfoLogger        : Started DemoApplicationTests in 14.966 seconds (JVM running for 17.614)
2023-01-30 11:05:07.910 - INFO  [           main] o.s.b.StartupInfoLogger        : Started DemoApplicationTests in 14.955 seconds (JVM running for 17.674)
2023-01-30 11:05:07.910 - INFO  [ionShutdownHook] c.a.d.p.DruidDataSource        : {dataSource-1} closed
2023-01-30 11:05:08.238 - INFO  [ionShutdownHook] c.a.d.p.DruidDataSource        : {dataSource-1} closed
2023-01-30 11:05:08.441 - INFO  [ionShutdownHook] c.a.d.p.DruidDataSource        : {dataSource-1} closed
2023-01-30 11:05:37.991 - INFO  [           main] bstractTestContextBootstrapper : Neither @ContextConfiguration nor @ContextHierarchy found for test class [com.studydemo.demo.DemoApplicationTests], using SpringBootContextLoader
2023-01-30 11:05:38.006 - INFO  [           main] .s.t.c.s.AbstractContextLoader : Could not detect default resource locations for test class [com.studydemo.demo.DemoApplicationTests]: no resource found for suffixes {-context.xml, Context.groovy}.
2023-01-30 11:05:38.006 - INFO  [           main] tationConfigContextLoaderUtils : Could not detect default configuration classes for test class [com.studydemo.demo.DemoApplicationTests]: DemoApplicationTests does not declare any static, non-private, non-final, nested classes annotated with @Configuration.
2023-01-30 11:05:38.147 - INFO  [           main] ingBootTestContextBootstrapper : Found @SpringBootConfiguration com.studydemo.demo.DemoApplication for test class com.studydemo.demo.DemoApplicationTests
2023-01-30 11:05:38.303 - INFO  [           main] bstractTestContextBootstrapper : Loaded default TestExecutionListener class names from location [META-INF/spring.factories]: [org.springframework.boot.test.mock.mockito.MockitoTestExecutionListener, org.springframework.boot.test.mock.mockito.ResetMocksTestExecutionListener, org.springframework.boot.test.autoconfigure.restdocs.RestDocsTestExecutionListener, org.springframework.boot.test.autoconfigure.web.client.MockRestServiceServerResetTestExecutionListener, org.springframework.boot.test.autoconfigure.web.servlet.MockMvcPrintOnlyOnFailureTestExecutionListener, org.springframework.boot.test.autoconfigure.web.servlet.WebDriverTestExecutionListener, org.springframework.boot.test.autoconfigure.webservices.client.MockWebServiceServerTestExecutionListener, org.springframework.test.context.web.ServletTestExecutionListener, org.springframework.test.context.support.DirtiesContextBeforeModesTestExecutionListener, org.springframework.test.context.event.ApplicationEventsTestExecutionListener, org.springframework.test.context.support.DependencyInjectionTestExecutionListener, org.springframework.test.context.support.DirtiesContextTestExecutionListener, org.springframework.test.context.transaction.TransactionalTestExecutionListener, org.springframework.test.context.jdbc.SqlScriptsTestExecutionListener, org.springframework.test.context.event.EventPublishingTestExecutionListener]
2023-01-30 11:05:38.334 - INFO  [           main] bstractTestContextBootstrapper : Using TestExecutionListeners: [org.springframework.test.context.web.ServletTestExecutionListener@485a3466, org.springframework.test.context.support.DirtiesContextBeforeModesTestExecutionListener@25748410, org.springframework.test.context.event.ApplicationEventsTestExecutionListener@2b43529a, org.springframework.boot.test.mock.mockito.MockitoTestExecutionListener@4264b240, org.springframework.boot.test.autoconfigure.SpringBootDependencyInjectionTestExecutionListener@5b04476e, org.springframework.test.context.support.DirtiesContextTestExecutionListener@5ad10c1a, org.springframework.test.context.transaction.TransactionalTestExecutionListener@6bb75258, org.springframework.test.context.jdbc.SqlScriptsTestExecutionListener@c260bdc, org.springframework.test.context.event.EventPublishingTestExecutionListener@75e01201, org.springframework.boot.test.mock.mockito.ResetMocksTestExecutionListener@2783717b, org.springframework.boot.test.autoconfigure.restdocs.RestDocsTestExecutionListener@76f7d241, org.springframework.boot.test.autoconfigure.web.client.MockRestServiceServerResetTestExecutionListener@4a335fa8, org.springframework.boot.test.autoconfigure.web.servlet.MockMvcPrintOnlyOnFailureTestExecutionListener@3f363cf5, org.springframework.boot.test.autoconfigure.web.servlet.WebDriverTestExecutionListener@3829ac1, org.springframework.boot.test.autoconfigure.webservices.client.MockWebServiceServerTestExecutionListener@4baf352a]
2023-01-30 11:05:38.663 - WARN  [           main] ateJsonObjectContextCustomizer : 

Found multiple occurrences of org.json.JSONObject on the class path:

	jar:file:/D:/software/maven/repository/com/vaadin/external/google/android-json/0.0.20131108.vaadin1/android-json-0.0.20131108.vaadin1.jar!/org/json/JSONObject.class
	jar:file:/D:/software/maven/repository/org/json/json/20190722/json-20190722.jar!/org/json/JSONObject.class

You may wish to exclude one of them to ensure predictable runtime behavior

2023-01-30 11:05:38.678 - INFO  [           main] o.s.b.StartupInfoLogger        : Starting DemoApplicationTests using Java 1.8.0_131 on DESKTOP-M3SS6HN with PID 11136 (started by by in D:\ideaProjects\studyDemo20230129)
2023-01-30 11:05:38.678 - INFO  [           main] o.s.b.SpringApplication        : The following profiles are active: swagger
2023-01-30 11:05:40.209 - INFO  [           main] a.DruidDataSourceAutoConfigure : Init DruidDataSource
2023-01-30 11:05:40.521 - INFO  [           main] c.a.d.p.DruidDataSource        : {dataSource-1} inited
2023-01-30 11:05:41.412 - WARN  [           main] c.b.m.c.m.TableInfoHelper      : Can not find table primary key in Class: "com.studydemo.demo.model.entity.Product".
2023-01-30 11:05:41.412 - WARN  [           main] c.b.m.c.i.DefaultSqlInjector   : class com.studydemo.demo.model.entity.Product ,Not found @TableId annotation, Cannot use Mybatis-Plus 'xxById' Method.
2023-01-30 11:05:41.552 - WARN  [           main] c.b.m.c.m.TableInfoHelper      : Can not find table primary key in Class: "com.studydemo.demo.model.entity.User".
2023-01-30 11:05:41.552 - WARN  [           main] c.b.m.c.i.DefaultSqlInjector   : class com.studydemo.demo.model.entity.User ,Not found @TableId annotation, Cannot use Mybatis-Plus 'xxById' Method.
2023-01-30 11:05:42.334 - INFO  [           main] edRequestMappingHandlerMapping : Mapped URL path [/v2/api-docs] onto method [springfox.documentation.swagger2.web.Swagger2Controller#getDocumentation(String, HttpServletRequest)]
2023-01-30 11:05:43.037 - INFO  [           main] cumentationPluginsBootstrapper : Context refreshed
2023-01-30 11:05:43.068 - INFO  [           main] cumentationPluginsBootstrapper : Found 1 custom documentation plugin(s)
2023-01-30 11:05:43.115 - INFO  [           main] w.s.ApiListingReferenceScanner : Scanning for api listing references
2023-01-30 11:05:43.380 - INFO  [           main] o.s.b.StartupInfoLogger        : Started DemoApplicationTests in 5.008 seconds (JVM running for 6.833)
2023-01-30 11:05:43.661 - INFO  [ionShutdownHook] c.a.d.p.DruidDataSource        : {dataSource-1} closed
2023-01-30 11:05:47.514 - INFO  [           main] o.s.b.StartupInfoLogger        : Starting DemoApplication using Java 11.0.18 on DESKTOP-M3SS6HN with PID 16684 (D:\ideaProjects\studyDemo20230129\target\classes started by by in D:\ideaProjects\studyDemo20230129)
2023-01-30 11:05:47.514 - INFO  [           main] o.s.b.SpringApplication        : The following profiles are active: swagger
2023-01-30 11:05:48.927 - INFO  [           main] o.s.b.w.e.t.TomcatWebServer    : Tomcat initialized with port(s): 8080 (http)
2023-01-30 11:05:48.943 - INFO  [           main] o.a.j.l.DirectJDKLog           : Initializing ProtocolHandler ["http-nio-8080"]
2023-01-30 11:05:48.943 - INFO  [           main] o.a.j.l.DirectJDKLog           : Starting service [Tomcat]
2023-01-30 11:05:48.943 - INFO  [           main] o.a.j.l.DirectJDKLog           : Starting Servlet engine: [Apache Tomcat/9.0.52]
2023-01-30 11:05:49.052 - INFO  [           main] o.a.j.l.DirectJDKLog           : Initializing Spring embedded WebApplicationContext
2023-01-30 11:05:49.052 - INFO  [           main] letWebServerApplicationContext : Root WebApplicationContext: initialization completed in 1495 ms
2023-01-30 11:05:49.130 - INFO  [           main] a.DruidDataSourceAutoConfigure : Init DruidDataSource
2023-01-30 11:05:49.286 - INFO  [           main] c.a.d.p.DruidDataSource        : {dataSource-1} inited
2023-01-30 11:05:49.958 - WARN  [           main] c.b.m.c.m.TableInfoHelper      : Can not find table primary key in Class: "com.studydemo.demo.model.entity.Product".
2023-01-30 11:05:49.958 - WARN  [           main] c.b.m.c.i.DefaultSqlInjector   : class com.studydemo.demo.model.entity.Product ,Not found @TableId annotation, Cannot use Mybatis-Plus 'xxById' Method.
2023-01-30 11:05:50.083 - WARN  [           main] c.b.m.c.m.TableInfoHelper      : Can not find table primary key in Class: "com.studydemo.demo.model.entity.User".
2023-01-30 11:05:50.083 - WARN  [           main] c.b.m.c.i.DefaultSqlInjector   : class com.studydemo.demo.model.entity.User ,Not found @TableId annotation, Cannot use Mybatis-Plus 'xxById' Method.
2023-01-30 11:05:50.380 - INFO  [           main] edRequestMappingHandlerMapping : Mapped URL path [/v2/api-docs] onto method [springfox.documentation.swagger2.web.Swagger2Controller#getDocumentation(String, HttpServletRequest)]
2023-01-30 11:05:50.646 - INFO  [           main] o.a.j.l.DirectJDKLog           : Starting ProtocolHandler ["http-nio-8080"]
2023-01-30 11:05:50.661 - INFO  [           main] o.s.b.w.e.t.TomcatWebServer    : Tomcat started on port(s): 8080 (http) with context path ''
2023-01-30 11:05:50.677 - INFO  [           main] cumentationPluginsBootstrapper : Context refreshed
2023-01-30 11:05:50.692 - INFO  [           main] cumentationPluginsBootstrapper : Found 1 custom documentation plugin(s)
2023-01-30 11:05:50.708 - INFO  [           main] w.s.ApiListingReferenceScanner : Scanning for api listing references
2023-01-30 11:05:50.880 - INFO  [           main] o.s.b.StartupInfoLogger        : Started DemoApplication in 3.791 seconds (JVM running for 5.284)
2023-01-30 11:06:08.458 - INFO  [nio-8080-exec-2] o.a.j.l.DirectJDKLog           : Initializing Spring DispatcherServlet 'dispatcherServlet'
2023-01-30 11:06:08.458 - INFO  [nio-8080-exec-2] o.s.w.s.FrameworkServlet       : Initializing Servlet 'dispatcherServlet'
2023-01-30 11:06:08.459 - INFO  [nio-8080-exec-2] o.s.w.s.FrameworkServlet       : Completed initialization in 0 ms
2023-01-30 11:12:49.051 - INFO  [ionShutdownHook] c.a.d.p.DruidDataSource        : {dataSource-1} closed
2023-01-30 11:12:55.770 - INFO  [           main] bstractTestContextBootstrapper : Neither @ContextConfiguration nor @ContextHierarchy found for test class [com.studydemo.demo.DemoApplicationTests], using SpringBootContextLoader
2023-01-30 11:12:55.770 - INFO  [           main] .s.t.c.s.AbstractContextLoader : Could not detect default resource locations for test class [com.studydemo.demo.DemoApplicationTests]: no resource found for suffixes {-context.xml, Context.groovy}.
2023-01-30 11:12:55.770 - INFO  [           main] tationConfigContextLoaderUtils : Could not detect default configuration classes for test class [com.studydemo.demo.DemoApplicationTests]: DemoApplicationTests does not declare any static, non-private, non-final, nested classes annotated with @Configuration.
2023-01-30 11:12:55.879 - INFO  [           main] ingBootTestContextBootstrapper : Found @SpringBootConfiguration com.studydemo.demo.DemoApplication for test class com.studydemo.demo.DemoApplicationTests
2023-01-30 11:12:56.004 - INFO  [           main] bstractTestContextBootstrapper : Loaded default TestExecutionListener class names from location [META-INF/spring.factories]: [org.springframework.boot.test.mock.mockito.MockitoTestExecutionListener, org.springframework.boot.test.mock.mockito.ResetMocksTestExecutionListener, org.springframework.boot.test.autoconfigure.restdocs.RestDocsTestExecutionListener, org.springframework.boot.test.autoconfigure.web.client.MockRestServiceServerResetTestExecutionListener, org.springframework.boot.test.autoconfigure.web.servlet.MockMvcPrintOnlyOnFailureTestExecutionListener, org.springframework.boot.test.autoconfigure.web.servlet.WebDriverTestExecutionListener, org.springframework.boot.test.autoconfigure.webservices.client.MockWebServiceServerTestExecutionListener, org.springframework.test.context.web.ServletTestExecutionListener, org.springframework.test.context.support.DirtiesContextBeforeModesTestExecutionListener, org.springframework.test.context.event.ApplicationEventsTestExecutionListener, org.springframework.test.context.support.DependencyInjectionTestExecutionListener, org.springframework.test.context.support.DirtiesContextTestExecutionListener, org.springframework.test.context.transaction.TransactionalTestExecutionListener, org.springframework.test.context.jdbc.SqlScriptsTestExecutionListener, org.springframework.test.context.event.EventPublishingTestExecutionListener]
2023-01-30 11:12:56.036 - INFO  [           main] bstractTestContextBootstrapper : Using TestExecutionListeners: [org.springframework.test.context.web.ServletTestExecutionListener@485a3466, org.springframework.test.context.support.DirtiesContextBeforeModesTestExecutionListener@25748410, org.springframework.test.context.event.ApplicationEventsTestExecutionListener@2b43529a, org.springframework.boot.test.mock.mockito.MockitoTestExecutionListener@4264b240, org.springframework.boot.test.autoconfigure.SpringBootDependencyInjectionTestExecutionListener@5b04476e, org.springframework.test.context.support.DirtiesContextTestExecutionListener@5ad10c1a, org.springframework.test.context.transaction.TransactionalTestExecutionListener@6bb75258, org.springframework.test.context.jdbc.SqlScriptsTestExecutionListener@c260bdc, org.springframework.test.context.event.EventPublishingTestExecutionListener@75e01201, org.springframework.boot.test.mock.mockito.ResetMocksTestExecutionListener@2783717b, org.springframework.boot.test.autoconfigure.restdocs.RestDocsTestExecutionListener@76f7d241, org.springframework.boot.test.autoconfigure.web.client.MockRestServiceServerResetTestExecutionListener@4a335fa8, org.springframework.boot.test.autoconfigure.web.servlet.MockMvcPrintOnlyOnFailureTestExecutionListener@3f363cf5, org.springframework.boot.test.autoconfigure.web.servlet.WebDriverTestExecutionListener@3829ac1, org.springframework.boot.test.autoconfigure.webservices.client.MockWebServiceServerTestExecutionListener@4baf352a]
2023-01-30 11:12:56.364 - WARN  [           main] ateJsonObjectContextCustomizer : 

Found multiple occurrences of org.json.JSONObject on the class path:

	jar:file:/D:/software/maven/repository/com/vaadin/external/google/android-json/0.0.20131108.vaadin1/android-json-0.0.20131108.vaadin1.jar!/org/json/JSONObject.class
	jar:file:/D:/software/maven/repository/org/json/json/20190722/json-20190722.jar!/org/json/JSONObject.class

You may wish to exclude one of them to ensure predictable runtime behavior

2023-01-30 11:12:56.379 - INFO  [           main] o.s.b.StartupInfoLogger        : Starting DemoApplicationTests using Java 1.8.0_131 on DESKTOP-M3SS6HN with PID 14632 (started by by in D:\ideaProjects\studyDemo20230129)
2023-01-30 11:12:56.395 - INFO  [           main] o.s.b.SpringApplication        : The following profiles are active: swagger
2023-01-30 11:12:57.863 - INFO  [           main] a.DruidDataSourceAutoConfigure : Init DruidDataSource
2023-01-30 11:12:58.051 - INFO  [           main] c.a.d.p.DruidDataSource        : {dataSource-1} inited
2023-01-30 11:12:58.910 - WARN  [           main] c.b.m.c.i.DefaultSqlInjector   : class com.studydemo.demo.model.entity.Product ,Not found @TableId annotation, Cannot use Mybatis-Plus 'xxById' Method.
2023-01-30 11:12:59.051 - WARN  [           main] c.b.m.c.i.DefaultSqlInjector   : class com.studydemo.demo.model.entity.User ,Not found @TableId annotation, Cannot use Mybatis-Plus 'xxById' Method.
2023-01-30 11:12:59.816 - INFO  [           main] edRequestMappingHandlerMapping : Mapped URL path [/v2/api-docs] onto method [springfox.documentation.swagger2.web.Swagger2Controller#getDocumentation(String, HttpServletRequest)]
2023-01-30 11:13:00.425 - INFO  [           main] cumentationPluginsBootstrapper : Context refreshed
2023-01-30 11:13:00.456 - INFO  [           main] cumentationPluginsBootstrapper : Found 1 custom documentation plugin(s)
2023-01-30 11:13:00.488 - INFO  [           main] w.s.ApiListingReferenceScanner : Scanning for api listing references
2023-01-30 11:13:00.706 - INFO  [           main] o.s.b.StartupInfoLogger        : Started DemoApplicationTests in 4.63 seconds (JVM running for 6.241)
2023-01-30 11:13:00.988 - INFO  [ionShutdownHook] c.a.d.p.DruidDataSource        : {dataSource-1} closed
2023-01-30 11:27:26.309 - INFO  [           main] bstractTestContextBootstrapper : Neither @ContextConfiguration nor @ContextHierarchy found for test class [com.studydemo.demo.DemoApplicationTests], using SpringBootContextLoader
2023-01-30 11:27:26.325 - INFO  [           main] .s.t.c.s.AbstractContextLoader : Could not detect default resource locations for test class [com.studydemo.demo.DemoApplicationTests]: no resource found for suffixes {-context.xml, Context.groovy}.
2023-01-30 11:27:26.325 - INFO  [           main] tationConfigContextLoaderUtils : Could not detect default configuration classes for test class [com.studydemo.demo.DemoApplicationTests]: DemoApplicationTests does not declare any static, non-private, non-final, nested classes annotated with @Configuration.
2023-01-30 11:27:26.434 - INFO  [           main] ingBootTestContextBootstrapper : Found @SpringBootConfiguration com.studydemo.demo.DemoApplication for test class com.studydemo.demo.DemoApplicationTests
2023-01-30 11:27:26.559 - INFO  [           main] bstractTestContextBootstrapper : Loaded default TestExecutionListener class names from location [META-INF/spring.factories]: [org.springframework.boot.test.mock.mockito.MockitoTestExecutionListener, org.springframework.boot.test.mock.mockito.ResetMocksTestExecutionListener, org.springframework.boot.test.autoconfigure.restdocs.RestDocsTestExecutionListener, org.springframework.boot.test.autoconfigure.web.client.MockRestServiceServerResetTestExecutionListener, org.springframework.boot.test.autoconfigure.web.servlet.MockMvcPrintOnlyOnFailureTestExecutionListener, org.springframework.boot.test.autoconfigure.web.servlet.WebDriverTestExecutionListener, org.springframework.boot.test.autoconfigure.webservices.client.MockWebServiceServerTestExecutionListener, org.springframework.test.context.web.ServletTestExecutionListener, org.springframework.test.context.support.DirtiesContextBeforeModesTestExecutionListener, org.springframework.test.context.event.ApplicationEventsTestExecutionListener, org.springframework.test.context.support.DependencyInjectionTestExecutionListener, org.springframework.test.context.support.DirtiesContextTestExecutionListener, org.springframework.test.context.transaction.TransactionalTestExecutionListener, org.springframework.test.context.jdbc.SqlScriptsTestExecutionListener, org.springframework.test.context.event.EventPublishingTestExecutionListener]
2023-01-30 11:27:26.574 - INFO  [           main] bstractTestContextBootstrapper : Using TestExecutionListeners: [org.springframework.test.context.web.ServletTestExecutionListener@485a3466, org.springframework.test.context.support.DirtiesContextBeforeModesTestExecutionListener@25748410, org.springframework.test.context.event.ApplicationEventsTestExecutionListener@2b43529a, org.springframework.boot.test.mock.mockito.MockitoTestExecutionListener@4264b240, org.springframework.boot.test.autoconfigure.SpringBootDependencyInjectionTestExecutionListener@5b04476e, org.springframework.test.context.support.DirtiesContextTestExecutionListener@5ad10c1a, org.springframework.test.context.transaction.TransactionalTestExecutionListener@6bb75258, org.springframework.test.context.jdbc.SqlScriptsTestExecutionListener@c260bdc, org.springframework.test.context.event.EventPublishingTestExecutionListener@75e01201, org.springframework.boot.test.mock.mockito.ResetMocksTestExecutionListener@2783717b, org.springframework.boot.test.autoconfigure.restdocs.RestDocsTestExecutionListener@76f7d241, org.springframework.boot.test.autoconfigure.web.client.MockRestServiceServerResetTestExecutionListener@4a335fa8, org.springframework.boot.test.autoconfigure.web.servlet.MockMvcPrintOnlyOnFailureTestExecutionListener@3f363cf5, org.springframework.boot.test.autoconfigure.web.servlet.WebDriverTestExecutionListener@3829ac1, org.springframework.boot.test.autoconfigure.webservices.client.MockWebServiceServerTestExecutionListener@4baf352a]
2023-01-30 11:27:26.871 - WARN  [           main] ateJsonObjectContextCustomizer : 

Found multiple occurrences of org.json.JSONObject on the class path:

	jar:file:/D:/software/maven/repository/com/vaadin/external/google/android-json/0.0.20131108.vaadin1/android-json-0.0.20131108.vaadin1.jar!/org/json/JSONObject.class
	jar:file:/D:/software/maven/repository/org/json/json/20190722/json-20190722.jar!/org/json/JSONObject.class

You may wish to exclude one of them to ensure predictable runtime behavior

2023-01-30 11:27:26.887 - INFO  [           main] o.s.b.StartupInfoLogger        : Starting DemoApplicationTests using Java 1.8.0_131 on DESKTOP-M3SS6HN with PID 9412 (started by by in D:\ideaProjects\studyDemo20230129)
2023-01-30 11:27:26.887 - INFO  [           main] o.s.b.SpringApplication        : The following profiles are active: swagger
2023-01-30 11:27:28.262 - INFO  [           main] a.DruidDataSourceAutoConfigure : Init DruidDataSource
2023-01-30 11:27:28.465 - INFO  [           main] c.a.d.p.DruidDataSource        : {dataSource-1} inited
2023-01-30 11:27:29.293 - WARN  [           main] c.b.m.c.i.DefaultSqlInjector   : class com.studydemo.demo.model.entity.Product ,Not found @TableId annotation, Cannot use Mybatis-Plus 'xxById' Method.
2023-01-30 11:27:29.433 - WARN  [           main] c.b.m.c.i.DefaultSqlInjector   : class com.studydemo.demo.model.entity.User ,Not found @TableId annotation, Cannot use Mybatis-Plus 'xxById' Method.
2023-01-30 11:27:30.152 - INFO  [           main] edRequestMappingHandlerMapping : Mapped URL path [/v2/api-docs] onto method [springfox.documentation.swagger2.web.Swagger2Controller#getDocumentation(String, HttpServletRequest)]
2023-01-30 11:27:30.792 - INFO  [           main] cumentationPluginsBootstrapper : Context refreshed
2023-01-30 11:27:30.808 - INFO  [           main] cumentationPluginsBootstrapper : Found 1 custom documentation plugin(s)
2023-01-30 11:27:30.839 - INFO  [           main] w.s.ApiListingReferenceScanner : Scanning for api listing references
2023-01-30 11:27:31.042 - INFO  [           main] o.s.b.StartupInfoLogger        : Started DemoApplicationTests in 4.427 seconds (JVM running for 6.006)
2023-01-30 11:27:31.323 - INFO  [ionShutdownHook] c.a.d.p.DruidDataSource        : {dataSource-1} closed
